<?xml version="1.0" encoding="UTF-8"?>
<testsuite xmlns:xsi="http://www.w3.org/2001/XMLSchema-instance" xsi:noNamespaceSchemaLocation="https://maven.apache.org/surefire/maven-surefire-plugin/xsd/surefire-test-report-3.0.xsd" version="3.0" name="co.patronesgof.fis.PatronesGofApplicationTests" time="7.27" tests="1" errors="0" skipped="0" failures="0">
  <properties>
    <property name="java.specification.version" value="17"/>
    <property name="sun.jnu.encoding" value="UTF-8"/>
    <property name="java.class.path" value="/home/eltomi/PatronesGof/target/test-classes:/home/eltomi/PatronesGof/target/classes:/home/eltomi/.m2/repository/org/springframework/boot/spring-boot-starter-data-jpa/3.3.4/spring-boot-starter-data-jpa-3.3.4.jar:/home/eltomi/.m2/repository/org/springframework/boot/spring-boot-starter-aop/3.3.4/spring-boot-starter-aop-3.3.4.jar:/home/eltomi/.m2/repository/org/springframework/spring-aop/6.1.13/spring-aop-6.1.13.jar:/home/eltomi/.m2/repository/org/aspectj/aspectjweaver/1.9.22.1/aspectjweaver-1.9.22.1.jar:/home/eltomi/.m2/repository/org/springframework/boot/spring-boot-starter-jdbc/3.3.4/spring-boot-starter-jdbc-3.3.4.jar:/home/eltomi/.m2/repository/com/zaxxer/HikariCP/5.1.0/HikariCP-5.1.0.jar:/home/eltomi/.m2/repository/org/springframework/spring-jdbc/6.1.13/spring-jdbc-6.1.13.jar:/home/eltomi/.m2/repository/org/hibernate/orm/hibernate-core/6.5.3.Final/hibernate-core-6.5.3.Final.jar:/home/eltomi/.m2/repository/jakarta/transaction/jakarta.transaction-api/2.0.1/jakarta.transaction-api-2.0.1.jar:/home/eltomi/.m2/repository/org/jboss/logging/jboss-logging/3.5.3.Final/jboss-logging-3.5.3.Final.jar:/home/eltomi/.m2/repository/org/hibernate/common/hibernate-commons-annotations/6.0.6.Final/hibernate-commons-annotations-6.0.6.Final.jar:/home/eltomi/.m2/repository/io/smallrye/jandex/3.1.2/jandex-3.1.2.jar:/home/eltomi/.m2/repository/com/fasterxml/classmate/1.7.0/classmate-1.7.0.jar:/home/eltomi/.m2/repository/net/bytebuddy/byte-buddy/1.14.19/byte-buddy-1.14.19.jar:/home/eltomi/.m2/repository/org/glassfish/jaxb/jaxb-runtime/4.0.5/jaxb-runtime-4.0.5.jar:/home/eltomi/.m2/repository/org/glassfish/jaxb/jaxb-core/4.0.5/jaxb-core-4.0.5.jar:/home/eltomi/.m2/repository/org/eclipse/angus/angus-activation/2.0.2/angus-activation-2.0.2.jar:/home/eltomi/.m2/repository/org/glassfish/jaxb/txw2/4.0.5/txw2-4.0.5.jar:/home/eltomi/.m2/repository/com/sun/istack/istack-commons-runtime/4.1.2/istack-commons-runtime-4.1.2.jar:/home/eltomi/.m2/repository/jakarta/inject/jakarta.inject-api/2.0.1/jakarta.inject-api-2.0.1.jar:/home/eltomi/.m2/repository/org/antlr/antlr4-runtime/4.13.0/antlr4-runtime-4.13.0.jar:/home/eltomi/.m2/repository/org/springframework/data/spring-data-jpa/3.3.4/spring-data-jpa-3.3.4.jar:/home/eltomi/.m2/repository/org/springframework/data/spring-data-commons/3.3.4/spring-data-commons-3.3.4.jar:/home/eltomi/.m2/repository/org/springframework/spring-orm/6.1.13/spring-orm-6.1.13.jar:/home/eltomi/.m2/repository/org/springframework/spring-context/6.1.13/spring-context-6.1.13.jar:/home/eltomi/.m2/repository/org/springframework/spring-tx/6.1.13/spring-tx-6.1.13.jar:/home/eltomi/.m2/repository/org/springframework/spring-beans/6.1.13/spring-beans-6.1.13.jar:/home/eltomi/.m2/repository/jakarta/annotation/jakarta.annotation-api/2.1.1/jakarta.annotation-api-2.1.1.jar:/home/eltomi/.m2/repository/org/slf4j/slf4j-api/2.0.16/slf4j-api-2.0.16.jar:/home/eltomi/.m2/repository/org/springframework/spring-aspects/6.1.13/spring-aspects-6.1.13.jar:/home/eltomi/.m2/repository/org/springframework/boot/spring-boot-starter-thymeleaf/3.3.4/spring-boot-starter-thymeleaf-3.3.4.jar:/home/eltomi/.m2/repository/org/springframework/boot/spring-boot-starter/3.3.4/spring-boot-starter-3.3.4.jar:/home/eltomi/.m2/repository/org/springframework/boot/spring-boot-starter-logging/3.3.4/spring-boot-starter-logging-3.3.4.jar:/home/eltomi/.m2/repository/ch/qos/logback/logback-classic/1.5.8/logback-classic-1.5.8.jar:/home/eltomi/.m2/repository/ch/qos/logback/logback-core/1.5.8/logback-core-1.5.8.jar:/home/eltomi/.m2/repository/org/apache/logging/log4j/log4j-to-slf4j/2.23.1/log4j-to-slf4j-2.23.1.jar:/home/eltomi/.m2/repository/org/apache/logging/log4j/log4j-api/2.23.1/log4j-api-2.23.1.jar:/home/eltomi/.m2/repository/org/slf4j/jul-to-slf4j/2.0.16/jul-to-slf4j-2.0.16.jar:/home/eltomi/.m2/repository/org/yaml/snakeyaml/2.2/snakeyaml-2.2.jar:/home/eltomi/.m2/repository/org/thymeleaf/thymeleaf-spring6/3.1.2.RELEASE/thymeleaf-spring6-3.1.2.RELEASE.jar:/home/eltomi/.m2/repository/org/thymeleaf/thymeleaf/3.1.2.RELEASE/thymeleaf-3.1.2.RELEASE.jar:/home/eltomi/.m2/repository/org/attoparser/attoparser/2.0.7.RELEASE/attoparser-2.0.7.RELEASE.jar:/home/eltomi/.m2/repository/org/unbescape/unbescape/1.1.6.RELEASE/unbescape-1.1.6.RELEASE.jar:/home/eltomi/.m2/repository/org/springframework/boot/spring-boot-starter-web/3.3.4/spring-boot-starter-web-3.3.4.jar:/home/eltomi/.m2/repository/org/springframework/boot/spring-boot-starter-json/3.3.4/spring-boot-starter-json-3.3.4.jar:/home/eltomi/.m2/repository/com/fasterxml/jackson/core/jackson-databind/2.17.2/jackson-databind-2.17.2.jar:/home/eltomi/.m2/repository/com/fasterxml/jackson/core/jackson-annotations/2.17.2/jackson-annotations-2.17.2.jar:/home/eltomi/.m2/repository/com/fasterxml/jackson/core/jackson-core/2.17.2/jackson-core-2.17.2.jar:/home/eltomi/.m2/repository/com/fasterxml/jackson/datatype/jackson-datatype-jdk8/2.17.2/jackson-datatype-jdk8-2.17.2.jar:/home/eltomi/.m2/repository/com/fasterxml/jackson/datatype/jackson-datatype-jsr310/2.17.2/jackson-datatype-jsr310-2.17.2.jar:/home/eltomi/.m2/repository/com/fasterxml/jackson/module/jackson-module-parameter-names/2.17.2/jackson-module-parameter-names-2.17.2.jar:/home/eltomi/.m2/repository/org/springframework/boot/spring-boot-starter-tomcat/3.3.4/spring-boot-starter-tomcat-3.3.4.jar:/home/eltomi/.m2/repository/org/apache/tomcat/embed/tomcat-embed-core/10.1.30/tomcat-embed-core-10.1.30.jar:/home/eltomi/.m2/repository/org/apache/tomcat/embed/tomcat-embed-el/10.1.30/tomcat-embed-el-10.1.30.jar:/home/eltomi/.m2/repository/org/apache/tomcat/embed/tomcat-embed-websocket/10.1.30/tomcat-embed-websocket-10.1.30.jar:/home/eltomi/.m2/repository/org/springframework/spring-web/6.1.13/spring-web-6.1.13.jar:/home/eltomi/.m2/repository/io/micrometer/micrometer-observation/1.13.4/micrometer-observation-1.13.4.jar:/home/eltomi/.m2/repository/io/micrometer/micrometer-commons/1.13.4/micrometer-commons-1.13.4.jar:/home/eltomi/.m2/repository/org/springframework/spring-webmvc/6.1.13/spring-webmvc-6.1.13.jar:/home/eltomi/.m2/repository/org/springframework/spring-expression/6.1.13/spring-expression-6.1.13.jar:/home/eltomi/.m2/repository/org/springframework/boot/spring-boot-devtools/3.3.4/spring-boot-devtools-3.3.4.jar:/home/eltomi/.m2/repository/org/springframework/boot/spring-boot/3.3.4/spring-boot-3.3.4.jar:/home/eltomi/.m2/repository/org/springframework/boot/spring-boot-autoconfigure/3.3.4/spring-boot-autoconfigure-3.3.4.jar:/home/eltomi/.m2/repository/org/postgresql/postgresql/42.7.4/postgresql-42.7.4.jar:/home/eltomi/.m2/repository/org/checkerframework/checker-qual/3.42.0/checker-qual-3.42.0.jar:/home/eltomi/.m2/repository/org/projectlombok/lombok/1.18.34/lombok-1.18.34.jar:/home/eltomi/.m2/repository/org/springframework/boot/spring-boot-starter-test/3.3.4/spring-boot-starter-test-3.3.4.jar:/home/eltomi/.m2/repository/org/springframework/boot/spring-boot-test/3.3.4/spring-boot-test-3.3.4.jar:/home/eltomi/.m2/repository/org/springframework/boot/spring-boot-test-autoconfigure/3.3.4/spring-boot-test-autoconfigure-3.3.4.jar:/home/eltomi/.m2/repository/com/jayway/jsonpath/json-path/2.9.0/json-path-2.9.0.jar:/home/eltomi/.m2/repository/jakarta/xml/bind/jakarta.xml.bind-api/4.0.2/jakarta.xml.bind-api-4.0.2.jar:/home/eltomi/.m2/repository/jakarta/activation/jakarta.activation-api/2.1.3/jakarta.activation-api-2.1.3.jar:/home/eltomi/.m2/repository/net/minidev/json-smart/2.5.1/json-smart-2.5.1.jar:/home/eltomi/.m2/repository/net/minidev/accessors-smart/2.5.1/accessors-smart-2.5.1.jar:/home/eltomi/.m2/repository/org/ow2/asm/asm/9.6/asm-9.6.jar:/home/eltomi/.m2/repository/org/assertj/assertj-core/3.25.3/assertj-core-3.25.3.jar:/home/eltomi/.m2/repository/org/awaitility/awaitility/4.2.2/awaitility-4.2.2.jar:/home/eltomi/.m2/repository/org/hamcrest/hamcrest/2.2/hamcrest-2.2.jar:/home/eltomi/.m2/repository/org/junit/jupiter/junit-jupiter/5.10.3/junit-jupiter-5.10.3.jar:/home/eltomi/.m2/repository/org/junit/jupiter/junit-jupiter-api/5.10.3/junit-jupiter-api-5.10.3.jar:/home/eltomi/.m2/repository/org/opentest4j/opentest4j/1.3.0/opentest4j-1.3.0.jar:/home/eltomi/.m2/repository/org/junit/platform/junit-platform-commons/1.10.3/junit-platform-commons-1.10.3.jar:/home/eltomi/.m2/repository/org/apiguardian/apiguardian-api/1.1.2/apiguardian-api-1.1.2.jar:/home/eltomi/.m2/repository/org/junit/jupiter/junit-jupiter-params/5.10.3/junit-jupiter-params-5.10.3.jar:/home/eltomi/.m2/repository/org/junit/jupiter/junit-jupiter-engine/5.10.3/junit-jupiter-engine-5.10.3.jar:/home/eltomi/.m2/repository/org/junit/platform/junit-platform-engine/1.10.3/junit-platform-engine-1.10.3.jar:/home/eltomi/.m2/repository/org/mockito/mockito-core/5.11.0/mockito-core-5.11.0.jar:/home/eltomi/.m2/repository/net/bytebuddy/byte-buddy-agent/1.14.19/byte-buddy-agent-1.14.19.jar:/home/eltomi/.m2/repository/org/objenesis/objenesis/3.3/objenesis-3.3.jar:/home/eltomi/.m2/repository/org/mockito/mockito-junit-jupiter/5.11.0/mockito-junit-jupiter-5.11.0.jar:/home/eltomi/.m2/repository/org/skyscreamer/jsonassert/1.5.3/jsonassert-1.5.3.jar:/home/eltomi/.m2/repository/com/vaadin/external/google/android-json/0.0.20131108.vaadin1/android-json-0.0.20131108.vaadin1.jar:/home/eltomi/.m2/repository/org/springframework/spring-core/6.1.13/spring-core-6.1.13.jar:/home/eltomi/.m2/repository/org/springframework/spring-jcl/6.1.13/spring-jcl-6.1.13.jar:/home/eltomi/.m2/repository/org/springframework/spring-test/6.1.13/spring-test-6.1.13.jar:/home/eltomi/.m2/repository/org/xmlunit/xmlunit-core/2.9.1/xmlunit-core-2.9.1.jar:/home/eltomi/.m2/repository/jakarta/persistence/jakarta.persistence-api/3.1.0/jakarta.persistence-api-3.1.0.jar:"/>
    <property name="java.vm.vendor" value="Ubuntu"/>
    <property name="sun.arch.data.model" value="64"/>
    <property name="java.vendor.url" value="https://ubuntu.com/"/>
    <property name="user.timezone" value="America/Bogota"/>
    <property name="org.jboss.logging.provider" value="slf4j"/>
    <property name="os.name" value="Linux"/>
    <property name="java.vm.specification.version" value="17"/>
    <property name="sun.java.launcher" value="SUN_STANDARD"/>
    <property name="sun.boot.library.path" value="/usr/lib/jvm/java-17-openjdk-amd64/lib"/>
    <property name="sun.java.command" value="/home/eltomi/PatronesGof/target/surefire/surefirebooter-20241001222320862_3.jar /home/eltomi/PatronesGof/target/surefire 2024-10-01T22-23-20_786-jvmRun1 surefire-20241001222320862_1tmp surefire_0-20241001222320862_2tmp"/>
    <property name="jdk.debug" value="release"/>
    <property name="surefire.test.class.path" value="/home/eltomi/PatronesGof/target/test-classes:/home/eltomi/PatronesGof/target/classes:/home/eltomi/.m2/repository/org/springframework/boot/spring-boot-starter-data-jpa/3.3.4/spring-boot-starter-data-jpa-3.3.4.jar:/home/eltomi/.m2/repository/org/springframework/boot/spring-boot-starter-aop/3.3.4/spring-boot-starter-aop-3.3.4.jar:/home/eltomi/.m2/repository/org/springframework/spring-aop/6.1.13/spring-aop-6.1.13.jar:/home/eltomi/.m2/repository/org/aspectj/aspectjweaver/1.9.22.1/aspectjweaver-1.9.22.1.jar:/home/eltomi/.m2/repository/org/springframework/boot/spring-boot-starter-jdbc/3.3.4/spring-boot-starter-jdbc-3.3.4.jar:/home/eltomi/.m2/repository/com/zaxxer/HikariCP/5.1.0/HikariCP-5.1.0.jar:/home/eltomi/.m2/repository/org/springframework/spring-jdbc/6.1.13/spring-jdbc-6.1.13.jar:/home/eltomi/.m2/repository/org/hibernate/orm/hibernate-core/6.5.3.Final/hibernate-core-6.5.3.Final.jar:/home/eltomi/.m2/repository/jakarta/transaction/jakarta.transaction-api/2.0.1/jakarta.transaction-api-2.0.1.jar:/home/eltomi/.m2/repository/org/jboss/logging/jboss-logging/3.5.3.Final/jboss-logging-3.5.3.Final.jar:/home/eltomi/.m2/repository/org/hibernate/common/hibernate-commons-annotations/6.0.6.Final/hibernate-commons-annotations-6.0.6.Final.jar:/home/eltomi/.m2/repository/io/smallrye/jandex/3.1.2/jandex-3.1.2.jar:/home/eltomi/.m2/repository/com/fasterxml/classmate/1.7.0/classmate-1.7.0.jar:/home/eltomi/.m2/repository/net/bytebuddy/byte-buddy/1.14.19/byte-buddy-1.14.19.jar:/home/eltomi/.m2/repository/org/glassfish/jaxb/jaxb-runtime/4.0.5/jaxb-runtime-4.0.5.jar:/home/eltomi/.m2/repository/org/glassfish/jaxb/jaxb-core/4.0.5/jaxb-core-4.0.5.jar:/home/eltomi/.m2/repository/org/eclipse/angus/angus-activation/2.0.2/angus-activation-2.0.2.jar:/home/eltomi/.m2/repository/org/glassfish/jaxb/txw2/4.0.5/txw2-4.0.5.jar:/home/eltomi/.m2/repository/com/sun/istack/istack-commons-runtime/4.1.2/istack-commons-runtime-4.1.2.jar:/home/eltomi/.m2/repository/jakarta/inject/jakarta.inject-api/2.0.1/jakarta.inject-api-2.0.1.jar:/home/eltomi/.m2/repository/org/antlr/antlr4-runtime/4.13.0/antlr4-runtime-4.13.0.jar:/home/eltomi/.m2/repository/org/springframework/data/spring-data-jpa/3.3.4/spring-data-jpa-3.3.4.jar:/home/eltomi/.m2/repository/org/springframework/data/spring-data-commons/3.3.4/spring-data-commons-3.3.4.jar:/home/eltomi/.m2/repository/org/springframework/spring-orm/6.1.13/spring-orm-6.1.13.jar:/home/eltomi/.m2/repository/org/springframework/spring-context/6.1.13/spring-context-6.1.13.jar:/home/eltomi/.m2/repository/org/springframework/spring-tx/6.1.13/spring-tx-6.1.13.jar:/home/eltomi/.m2/repository/org/springframework/spring-beans/6.1.13/spring-beans-6.1.13.jar:/home/eltomi/.m2/repository/jakarta/annotation/jakarta.annotation-api/2.1.1/jakarta.annotation-api-2.1.1.jar:/home/eltomi/.m2/repository/org/slf4j/slf4j-api/2.0.16/slf4j-api-2.0.16.jar:/home/eltomi/.m2/repository/org/springframework/spring-aspects/6.1.13/spring-aspects-6.1.13.jar:/home/eltomi/.m2/repository/org/springframework/boot/spring-boot-starter-thymeleaf/3.3.4/spring-boot-starter-thymeleaf-3.3.4.jar:/home/eltomi/.m2/repository/org/springframework/boot/spring-boot-starter/3.3.4/spring-boot-starter-3.3.4.jar:/home/eltomi/.m2/repository/org/springframework/boot/spring-boot-starter-logging/3.3.4/spring-boot-starter-logging-3.3.4.jar:/home/eltomi/.m2/repository/ch/qos/logback/logback-classic/1.5.8/logback-classic-1.5.8.jar:/home/eltomi/.m2/repository/ch/qos/logback/logback-core/1.5.8/logback-core-1.5.8.jar:/home/eltomi/.m2/repository/org/apache/logging/log4j/log4j-to-slf4j/2.23.1/log4j-to-slf4j-2.23.1.jar:/home/eltomi/.m2/repository/org/apache/logging/log4j/log4j-api/2.23.1/log4j-api-2.23.1.jar:/home/eltomi/.m2/repository/org/slf4j/jul-to-slf4j/2.0.16/jul-to-slf4j-2.0.16.jar:/home/eltomi/.m2/repository/org/yaml/snakeyaml/2.2/snakeyaml-2.2.jar:/home/eltomi/.m2/repository/org/thymeleaf/thymeleaf-spring6/3.1.2.RELEASE/thymeleaf-spring6-3.1.2.RELEASE.jar:/home/eltomi/.m2/repository/org/thymeleaf/thymeleaf/3.1.2.RELEASE/thymeleaf-3.1.2.RELEASE.jar:/home/eltomi/.m2/repository/org/attoparser/attoparser/2.0.7.RELEASE/attoparser-2.0.7.RELEASE.jar:/home/eltomi/.m2/repository/org/unbescape/unbescape/1.1.6.RELEASE/unbescape-1.1.6.RELEASE.jar:/home/eltomi/.m2/repository/org/springframework/boot/spring-boot-starter-web/3.3.4/spring-boot-starter-web-3.3.4.jar:/home/eltomi/.m2/repository/org/springframework/boot/spring-boot-starter-json/3.3.4/spring-boot-starter-json-3.3.4.jar:/home/eltomi/.m2/repository/com/fasterxml/jackson/core/jackson-databind/2.17.2/jackson-databind-2.17.2.jar:/home/eltomi/.m2/repository/com/fasterxml/jackson/core/jackson-annotations/2.17.2/jackson-annotations-2.17.2.jar:/home/eltomi/.m2/repository/com/fasterxml/jackson/core/jackson-core/2.17.2/jackson-core-2.17.2.jar:/home/eltomi/.m2/repository/com/fasterxml/jackson/datatype/jackson-datatype-jdk8/2.17.2/jackson-datatype-jdk8-2.17.2.jar:/home/eltomi/.m2/repository/com/fasterxml/jackson/datatype/jackson-datatype-jsr310/2.17.2/jackson-datatype-jsr310-2.17.2.jar:/home/eltomi/.m2/repository/com/fasterxml/jackson/module/jackson-module-parameter-names/2.17.2/jackson-module-parameter-names-2.17.2.jar:/home/eltomi/.m2/repository/org/springframework/boot/spring-boot-starter-tomcat/3.3.4/spring-boot-starter-tomcat-3.3.4.jar:/home/eltomi/.m2/repository/org/apache/tomcat/embed/tomcat-embed-core/10.1.30/tomcat-embed-core-10.1.30.jar:/home/eltomi/.m2/repository/org/apache/tomcat/embed/tomcat-embed-el/10.1.30/tomcat-embed-el-10.1.30.jar:/home/eltomi/.m2/repository/org/apache/tomcat/embed/tomcat-embed-websocket/10.1.30/tomcat-embed-websocket-10.1.30.jar:/home/eltomi/.m2/repository/org/springframework/spring-web/6.1.13/spring-web-6.1.13.jar:/home/eltomi/.m2/repository/io/micrometer/micrometer-observation/1.13.4/micrometer-observation-1.13.4.jar:/home/eltomi/.m2/repository/io/micrometer/micrometer-commons/1.13.4/micrometer-commons-1.13.4.jar:/home/eltomi/.m2/repository/org/springframework/spring-webmvc/6.1.13/spring-webmvc-6.1.13.jar:/home/eltomi/.m2/repository/org/springframework/spring-expression/6.1.13/spring-expression-6.1.13.jar:/home/eltomi/.m2/repository/org/springframework/boot/spring-boot-devtools/3.3.4/spring-boot-devtools-3.3.4.jar:/home/eltomi/.m2/repository/org/springframework/boot/spring-boot/3.3.4/spring-boot-3.3.4.jar:/home/eltomi/.m2/repository/org/springframework/boot/spring-boot-autoconfigure/3.3.4/spring-boot-autoconfigure-3.3.4.jar:/home/eltomi/.m2/repository/org/postgresql/postgresql/42.7.4/postgresql-42.7.4.jar:/home/eltomi/.m2/repository/org/checkerframework/checker-qual/3.42.0/checker-qual-3.42.0.jar:/home/eltomi/.m2/repository/org/projectlombok/lombok/1.18.34/lombok-1.18.34.jar:/home/eltomi/.m2/repository/org/springframework/boot/spring-boot-starter-test/3.3.4/spring-boot-starter-test-3.3.4.jar:/home/eltomi/.m2/repository/org/springframework/boot/spring-boot-test/3.3.4/spring-boot-test-3.3.4.jar:/home/eltomi/.m2/repository/org/springframework/boot/spring-boot-test-autoconfigure/3.3.4/spring-boot-test-autoconfigure-3.3.4.jar:/home/eltomi/.m2/repository/com/jayway/jsonpath/json-path/2.9.0/json-path-2.9.0.jar:/home/eltomi/.m2/repository/jakarta/xml/bind/jakarta.xml.bind-api/4.0.2/jakarta.xml.bind-api-4.0.2.jar:/home/eltomi/.m2/repository/jakarta/activation/jakarta.activation-api/2.1.3/jakarta.activation-api-2.1.3.jar:/home/eltomi/.m2/repository/net/minidev/json-smart/2.5.1/json-smart-2.5.1.jar:/home/eltomi/.m2/repository/net/minidev/accessors-smart/2.5.1/accessors-smart-2.5.1.jar:/home/eltomi/.m2/repository/org/ow2/asm/asm/9.6/asm-9.6.jar:/home/eltomi/.m2/repository/org/assertj/assertj-core/3.25.3/assertj-core-3.25.3.jar:/home/eltomi/.m2/repository/org/awaitility/awaitility/4.2.2/awaitility-4.2.2.jar:/home/eltomi/.m2/repository/org/hamcrest/hamcrest/2.2/hamcrest-2.2.jar:/home/eltomi/.m2/repository/org/junit/jupiter/junit-jupiter/5.10.3/junit-jupiter-5.10.3.jar:/home/eltomi/.m2/repository/org/junit/jupiter/junit-jupiter-api/5.10.3/junit-jupiter-api-5.10.3.jar:/home/eltomi/.m2/repository/org/opentest4j/opentest4j/1.3.0/opentest4j-1.3.0.jar:/home/eltomi/.m2/repository/org/junit/platform/junit-platform-commons/1.10.3/junit-platform-commons-1.10.3.jar:/home/eltomi/.m2/repository/org/apiguardian/apiguardian-api/1.1.2/apiguardian-api-1.1.2.jar:/home/eltomi/.m2/repository/org/junit/jupiter/junit-jupiter-params/5.10.3/junit-jupiter-params-5.10.3.jar:/home/eltomi/.m2/repository/org/junit/jupiter/junit-jupiter-engine/5.10.3/junit-jupiter-engine-5.10.3.jar:/home/eltomi/.m2/repository/org/junit/platform/junit-platform-engine/1.10.3/junit-platform-engine-1.10.3.jar:/home/eltomi/.m2/repository/org/mockito/mockito-core/5.11.0/mockito-core-5.11.0.jar:/home/eltomi/.m2/repository/net/bytebuddy/byte-buddy-agent/1.14.19/byte-buddy-agent-1.14.19.jar:/home/eltomi/.m2/repository/org/objenesis/objenesis/3.3/objenesis-3.3.jar:/home/eltomi/.m2/repository/org/mockito/mockito-junit-jupiter/5.11.0/mockito-junit-jupiter-5.11.0.jar:/home/eltomi/.m2/repository/org/skyscreamer/jsonassert/1.5.3/jsonassert-1.5.3.jar:/home/eltomi/.m2/repository/com/vaadin/external/google/android-json/0.0.20131108.vaadin1/android-json-0.0.20131108.vaadin1.jar:/home/eltomi/.m2/repository/org/springframework/spring-core/6.1.13/spring-core-6.1.13.jar:/home/eltomi/.m2/repository/org/springframework/spring-jcl/6.1.13/spring-jcl-6.1.13.jar:/home/eltomi/.m2/repository/org/springframework/spring-test/6.1.13/spring-test-6.1.13.jar:/home/eltomi/.m2/repository/org/xmlunit/xmlunit-core/2.9.1/xmlunit-core-2.9.1.jar:/home/eltomi/.m2/repository/jakarta/persistence/jakarta.persistence-api/3.1.0/jakarta.persistence-api-3.1.0.jar:"/>
    <property name="sun.cpu.endian" value="little"/>
    <property name="user.home" value="/home/eltomi"/>
    <property name="user.language" value="en"/>
    <property name="java.specification.vendor" value="Oracle Corporation"/>
    <property name="java.version.date" value="2024-07-16"/>
    <property name="java.home" value="/usr/lib/jvm/java-17-openjdk-amd64"/>
    <property name="file.separator" value="/"/>
    <property name="basedir" value="/home/eltomi/PatronesGof"/>
    <property name="java.vm.compressedOopsMode" value="32-bit"/>
    <property name="line.separator" value="&#10;"/>
    <property name="java.specification.name" value="Java Platform API Specification"/>
    <property name="java.vm.specification.vendor" value="Oracle Corporation"/>
    <property name="FILE_LOG_CHARSET" value="UTF-8"/>
    <property name="java.awt.headless" value="true"/>
    <property name="surefire.real.class.path" value="/home/eltomi/PatronesGof/target/surefire/surefirebooter-20241001222320862_3.jar"/>
    <property name="sun.management.compiler" value="HotSpot 64-Bit Tiered Compilers"/>
    <property name="java.runtime.version" value="17.0.12+7-Ubuntu-1ubuntu222.04"/>
    <property name="user.name" value="eltomi"/>
    <property name="path.separator" value=":"/>
    <property name="os.version" value="5.15.153.1-microsoft-standard-WSL2"/>
    <property name="java.runtime.name" value="OpenJDK Runtime Environment"/>
    <property name="file.encoding" value="UTF-8"/>
    <property name="java.vm.name" value="OpenJDK 64-Bit Server VM"/>
    <property name="localRepository" value="/home/eltomi/.m2/repository"/>
    <property name="java.vendor.url.bug" value="https://bugs.launchpad.net/ubuntu/+source/openjdk-17"/>
    <property name="java.io.tmpdir" value="/tmp"/>
    <property name="com.zaxxer.hikari.pool_number" value="1"/>
    <property name="java.version" value="17.0.12"/>
    <property name="user.dir" value="/home/eltomi/PatronesGof"/>
    <property name="os.arch" value="amd64"/>
    <property name="java.vm.specification.name" value="Java Virtual Machine Specification"/>
    <property name="PID" value="54329"/>
    <property name="CONSOLE_LOG_CHARSET" value="UTF-8"/>
    <property name="native.encoding" value="UTF-8"/>
    <property name="java.library.path" value="/usr/java/packages/lib:/usr/lib/x86_64-linux-gnu/jni:/lib/x86_64-linux-gnu:/usr/lib/x86_64-linux-gnu:/usr/lib/jni:/lib:/usr/lib"/>
    <property name="java.vm.info" value="mixed mode, sharing"/>
    <property name="java.vendor" value="Ubuntu"/>
    <property name="java.vm.version" value="17.0.12+7-Ubuntu-1ubuntu222.04"/>
    <property name="sun.io.unicode.encoding" value="UnicodeLittle"/>
    <property name="java.class.version" value="61.0"/>
    <property name="LOGGED_APPLICATION_NAME" value="[music-shop] "/>
  </properties>
  <testcase name="contextLoads" classname="co.patronesgof.fis.PatronesGofApplicationTests" time="0.357">
    <system-out><![CDATA[22:23:21.629 [main] INFO org.springframework.test.context.support.AnnotationConfigContextLoaderUtils -- Could not detect default configuration classes for test class [co.patronesgof.fis.PatronesGofApplicationTests]: PatronesGofApplicationTests does not declare any static, non-private, non-final, nested classes annotated with @Configuration.
22:23:21.767 [main] INFO org.springframework.boot.test.context.SpringBootTestContextBootstrapper -- Found @SpringBootConfiguration co.patronesgof.fis.PatronesGofApplication for test class co.patronesgof.fis.PatronesGofApplicationTests
22:23:21.909 [main] INFO org.springframework.boot.devtools.restart.RestartApplicationListener -- Restart disabled due to context in which it is running
.___  ___.  __    __       _______. __    ______         _______. __    __    ______   .______
|   \/   | |  |  |  |     /       ||  |  /      |       /       ||  |  |  |  /  __  \  |   _  \
|  \  /  | |  |  |  |    |   (----`|  | |  ,----'      |   (----`|  |__|  | |  |  |  | |  |_)  |
|  |\/|  | |  |  |  |     \   \    |  | |  |            \   \    |   __   | |  |  |  | |   ___/
|  |  |  | |  `--'  | .----)   |   |  | |  `----.   .----)   |   |  |  |  | |  `--'  | |  |
|__|  |__|  \______/  |_______/    |__|  \______|   |_______/    |__|  |__|  \______/  | _|

 
Powered by Spring Boot 3.3.4
2024-10-01T22:23:22.141-05:00  INFO 54329 --- [music-shop] [           main] c.p.fis.PatronesGofApplicationTests      : Starting PatronesGofApplicationTests using Java 17.0.12 with PID 54329 (started by eltomi in /home/eltomi/PatronesGof)
2024-10-01T22:23:22.142-05:00  INFO 54329 --- [music-shop] [           main] c.p.fis.PatronesGofApplicationTests      : No active profile set, falling back to 1 default profile: "default"
2024-10-01T22:23:22.759-05:00  INFO 54329 --- [music-shop] [           main] .s.d.r.c.RepositoryConfigurationDelegate : Bootstrapping Spring Data JPA repositories in DEFAULT mode.
2024-10-01T22:23:22.808-05:00  INFO 54329 --- [music-shop] [           main] .s.d.r.c.RepositoryConfigurationDelegate : Finished Spring Data repository scanning in 40 ms. Found 4 JPA repository interfaces.
2024-10-01T22:23:23.347-05:00  INFO 54329 --- [music-shop] [           main] o.hibernate.jpa.internal.util.LogHelper  : HHH000204: Processing PersistenceUnitInfo [name: default]
2024-10-01T22:23:23.415-05:00  INFO 54329 --- [music-shop] [           main] org.hibernate.Version                    : HHH000412: Hibernate ORM core version 6.5.3.Final
2024-10-01T22:23:23.447-05:00  INFO 54329 --- [music-shop] [           main] o.h.c.internal.RegionFactoryInitiator    : HHH000026: Second-level cache disabled
2024-10-01T22:23:23.760-05:00  INFO 54329 --- [music-shop] [           main] o.s.o.j.p.SpringPersistenceUnitInfo      : No LoadTimeWeaver setup: ignoring JPA class transformer
2024-10-01T22:23:23.786-05:00  INFO 54329 --- [music-shop] [           main] com.zaxxer.hikari.HikariDataSource       : HikariPool-1 - Starting...
2024-10-01T22:23:25.298-05:00  INFO 54329 --- [music-shop] [           main] com.zaxxer.hikari.pool.HikariPool        : HikariPool-1 - Added connection org.postgresql.jdbc.PgConnection@c262f2f
2024-10-01T22:23:25.301-05:00  INFO 54329 --- [music-shop] [           main] com.zaxxer.hikari.HikariDataSource       : HikariPool-1 - Start completed.
2024-10-01T22:23:25.551-05:00  WARN 54329 --- [music-shop] [           main] org.hibernate.orm.deprecation            : HHH90000025: PostgreSQLDialect does not need to be specified explicitly using 'hibernate.dialect' (remove the property setting and it will be selected by default)
2024-10-01T22:23:26.610-05:00  INFO 54329 --- [music-shop] [           main] o.h.e.t.j.p.i.JtaPlatformInitiator       : HHH000489: No JTA platform available (set 'hibernate.transaction.jta.platform' to enable JTA platform integration)
2024-10-01T22:23:27.451-05:00  INFO 54329 --- [music-shop] [           main] j.LocalContainerEntityManagerFactoryBean : Initialized JPA EntityManagerFactory for persistence unit 'default'
2024-10-01T22:23:27.880-05:00  WARN 54329 --- [music-shop] [           main] JpaBaseConfiguration$JpaWebConfiguration : spring.jpa.open-in-view is enabled by default. Therefore, database queries may be performed during view rendering. Explicitly configure spring.jpa.open-in-view to disable this warning
2024-10-01T22:23:27.909-05:00  INFO 54329 --- [music-shop] [           main] o.s.b.a.w.s.WelcomePageHandlerMapping    : Adding welcome page template: index
2024-10-01T22:23:28.333-05:00  INFO 54329 --- [music-shop] [           main] c.p.fis.PatronesGofApplicationTests      : Started PatronesGofApplicationTests in 6.438 seconds (process running for 7.379)
]]></system-out>
  </testcase>
</testsuite>